<?xml version="1.0" encoding="UTF-8"?>
<testsuite name="com.lizzy.kyle.springboot.domain.posts.PostsRepositoryTest" tests="2" skipped="0" failures="0" errors="0" timestamp="2020-05-14T15:31:17" hostname="iyeong-gyoui-MacBookPro.local" time="0.091">
  <properties/>
  <testcase name="게시글저장_불러오기" classname="com.lizzy.kyle.springboot.domain.posts.PostsRepositoryTest" time="0.082"/>
  <testcase name="BaseTimeEntity_등록" classname="com.lizzy.kyle.springboot.domain.posts.PostsRepositoryTest" time="0.009"/>
  <system-out><![CDATA[2020-05-15 00:31:16.958  INFO 39744 --- [    Test worker] .b.t.c.SpringBootTestContextBootstrapper : Neither @ContextConfiguration nor @ContextHierarchy found for test class [com.lizzy.kyle.springboot.domain.posts.PostsRepositoryTest], using SpringBootContextLoader
2020-05-15 00:31:16.959  INFO 39744 --- [    Test worker] o.s.t.c.support.AbstractContextLoader    : Could not detect default resource locations for test class [com.lizzy.kyle.springboot.domain.posts.PostsRepositoryTest]: no resource found for suffixes {-context.xml, Context.groovy}.
2020-05-15 00:31:16.959  INFO 39744 --- [    Test worker] t.c.s.AnnotationConfigContextLoaderUtils : Could not detect default configuration classes for test class [com.lizzy.kyle.springboot.domain.posts.PostsRepositoryTest]: PostsRepositoryTest does not declare any static, non-private, non-final, nested classes annotated with @Configuration.
2020-05-15 00:31:16.965  INFO 39744 --- [    Test worker] .b.t.c.SpringBootTestContextBootstrapper : Found @SpringBootConfiguration com.lizzy.kyle.springboot.Application for test class com.lizzy.kyle.springboot.domain.posts.PostsRepositoryTest
2020-05-15 00:31:16.968  INFO 39744 --- [    Test worker] .b.t.c.SpringBootTestContextBootstrapper : Loaded default TestExecutionListener class names from location [META-INF/spring.factories]: [org.springframework.security.test.context.support.WithSecurityContextTestExecutionListener, org.springframework.security.test.context.support.ReactorContextTestExecutionListener, org.springframework.boot.test.autoconfigure.restdocs.RestDocsTestExecutionListener, org.springframework.boot.test.autoconfigure.web.client.MockRestServiceServerResetTestExecutionListener, org.springframework.boot.test.autoconfigure.web.servlet.MockMvcPrintOnlyOnFailureTestExecutionListener, org.springframework.boot.test.autoconfigure.web.servlet.WebDriverTestExecutionListener, org.springframework.boot.test.mock.mockito.MockitoTestExecutionListener, org.springframework.boot.test.mock.mockito.ResetMocksTestExecutionListener, org.springframework.test.context.web.ServletTestExecutionListener, org.springframework.test.context.support.DirtiesContextBeforeModesTestExecutionListener, org.springframework.test.context.support.DependencyInjectionTestExecutionListener, org.springframework.test.context.support.DirtiesContextTestExecutionListener, org.springframework.test.context.transaction.TransactionalTestExecutionListener, org.springframework.test.context.jdbc.SqlScriptsTestExecutionListener]
2020-05-15 00:31:16.969  INFO 39744 --- [    Test worker] .b.t.c.SpringBootTestContextBootstrapper : Using TestExecutionListeners: [org.springframework.test.context.web.ServletTestExecutionListener@e3bba42, org.springframework.test.context.support.DirtiesContextBeforeModesTestExecutionListener@78ef38a6, org.springframework.boot.test.mock.mockito.MockitoTestExecutionListener@2afdf2e3, org.springframework.boot.test.autoconfigure.SpringBootDependencyInjectionTestExecutionListener@682eb8f8, org.springframework.test.context.support.DirtiesContextTestExecutionListener@3b94e615, org.springframework.test.context.transaction.TransactionalTestExecutionListener@3a3fd3c9, org.springframework.test.context.jdbc.SqlScriptsTestExecutionListener@7f905487, org.springframework.security.test.context.support.WithSecurityContextTestExecutionListener@62e4daf5, org.springframework.security.test.context.support.ReactorContextTestExecutionListener@7e5c3cf2, org.springframework.boot.test.autoconfigure.restdocs.RestDocsTestExecutionListener@3a39096b, org.springframework.boot.test.autoconfigure.web.client.MockRestServiceServerResetTestExecutionListener@477046c7, org.springframework.boot.test.autoconfigure.web.servlet.MockMvcPrintOnlyOnFailureTestExecutionListener@3071fae, org.springframework.boot.test.autoconfigure.web.servlet.WebDriverTestExecutionListener@1c231890, org.springframework.boot.test.mock.mockito.ResetMocksTestExecutionListener@6e23382e]

  .   ____          _            __ _ _
 /\\ / ___'_ __ _ _(_)_ __  __ _ \ \ \ \
( ( )\___ | '_ | '_| | '_ \/ _` | \ \ \ \
 \\/  ___)| |_)| | | | | || (_| |  ) ) ) )
  '  |____| .__|_| |_|_| |_\__, | / / / /
 =========|_|==============|___/=/_/_/_/
 :: Spring Boot ::        (v2.1.9.RELEASE)

2020-05-15 00:31:16.998  INFO 39744 --- [    Test worker] c.l.k.s.d.posts.PostsRepositoryTest      : Starting PostsRepositoryTest on iyeong-gyoui-MacBookPro.local with PID 39744 (started by iyeong-gyo in /Users/iyeong-gyo/study/lizcalendar)
2020-05-15 00:31:16.998  INFO 39744 --- [    Test worker] c.l.k.s.d.posts.PostsRepositoryTest      : The following profiles are active: oauth
2020-05-15 00:31:17.164  INFO 39744 --- [    Test worker] .s.d.r.c.RepositoryConfigurationDelegate : Bootstrapping Spring Data repositories in DEFAULT mode.
2020-05-15 00:31:17.174  INFO 39744 --- [    Test worker] .s.d.r.c.RepositoryConfigurationDelegate : Finished Spring Data repository scanning in 10ms. Found 2 repository interfaces.
2020-05-15 00:31:17.246  INFO 39744 --- [    Test worker] trationDelegate$BeanPostProcessorChecker : Bean 'org.springframework.transaction.annotation.ProxyTransactionManagementConfiguration' of type [org.springframework.transaction.annotation.ProxyTransactionManagementConfiguration$$EnhancerBySpringCGLIB$$bdad7768] is not eligible for getting processed by all BeanPostProcessors (for example: not eligible for auto-proxying)
2020-05-15 00:31:17.314  INFO 39744 --- [    Test worker] com.zaxxer.hikari.HikariDataSource       : HikariPool-2 - Starting...
2020-05-15 00:31:17.315  INFO 39744 --- [    Test worker] com.zaxxer.hikari.HikariDataSource       : HikariPool-2 - Start completed.
2020-05-15 00:31:17.330  INFO 39744 --- [    Test worker] o.hibernate.jpa.internal.util.LogHelper  : HHH000204: Processing PersistenceUnitInfo [
	name: default
	...]
2020-05-15 00:31:17.335  INFO 39744 --- [    Test worker] org.hibernate.dialect.Dialect            : HHH000400: Using dialect: org.hibernate.dialect.MySQL5InnoDBDialect
Hibernate: drop table if exists posts
Hibernate: drop table if exists user
Hibernate: create table posts (id bigint not null auto_increment, created_date datetime, modified_date datetime, author varchar(255), content TEXT not null, title varchar(500) not null, primary key (id)) engine=InnoDB
Hibernate: create table user (id bigint not null auto_increment, created_date datetime, modified_date datetime, email varchar(255) not null, name varchar(255) not null, picture varchar(255), role varchar(255) not null, primary key (id)) engine=InnoDB
2020-05-15 00:31:17.371  INFO 39744 --- [    Test worker] o.h.t.schema.internal.SchemaCreatorImpl  : HHH000476: Executing import script 'org.hibernate.tool.schema.internal.exec.ScriptSourceInputNonExistentImpl@7fdb3c'
2020-05-15 00:31:17.371  INFO 39744 --- [    Test worker] j.LocalContainerEntityManagerFactoryBean : Initialized JPA EntityManagerFactory for persistence unit 'default'
2020-05-15 00:31:17.508  INFO 39744 --- [    Test worker] o.h.h.i.QueryTranslatorFactoryInitiator  : HHH000397: Using ASTQueryTranslatorFactory
2020-05-15 00:31:17.588  INFO 39744 --- [    Test worker] o.s.s.web.DefaultSecurityFilterChain     : Creating filter chain: any request, [org.springframework.security.web.context.request.async.WebAsyncManagerIntegrationFilter@3fc6b3c1, org.springframework.security.web.context.SecurityContextPersistenceFilter@6695601f, org.springframework.security.web.header.HeaderWriterFilter@12a93dcf, org.springframework.security.web.authentication.logout.LogoutFilter@61091ff6, org.springframework.security.oauth2.client.web.OAuth2AuthorizationRequestRedirectFilter@561b6a5c, org.springframework.security.oauth2.client.web.OAuth2LoginAuthenticationFilter@70336029, org.springframework.security.web.authentication.ui.DefaultLoginPageGeneratingFilter@2cd107eb, org.springframework.security.web.authentication.ui.DefaultLogoutPageGeneratingFilter@58c69b8a, org.springframework.security.web.savedrequest.RequestCacheAwareFilter@1fe7f658, org.springframework.security.web.servletapi.SecurityContextHolderAwareRequestFilter@447be72e, org.springframework.security.web.authentication.AnonymousAuthenticationFilter@55825344, org.springframework.security.web.session.SessionManagementFilter@4515aae0, org.springframework.security.web.access.ExceptionTranslationFilter@60032114, org.springframework.security.web.access.intercept.FilterSecurityInterceptor@43e4806b]
2020-05-15 00:31:17.752  INFO 39744 --- [    Test worker] o.s.s.concurrent.ThreadPoolTaskExecutor  : Initializing ExecutorService 'applicationTaskExecutor'
2020-05-15 00:31:17.759  WARN 39744 --- [    Test worker] aWebConfiguration$JpaWebMvcConfiguration : spring.jpa.open-in-view is enabled by default. Therefore, database queries may be performed during view rendering. Explicitly configure spring.jpa.open-in-view to disable this warning
2020-05-15 00:31:17.775  INFO 39744 --- [    Test worker] o.s.b.a.w.s.WelcomePageHandlerMapping    : Adding welcome page template: index
2020-05-15 00:31:17.952  INFO 39744 --- [    Test worker] s.a.ScheduledAnnotationBeanPostProcessor : No TaskScheduler/ScheduledExecutorService bean found for scheduled processing
2020-05-15 00:31:17.954  INFO 39744 --- [    Test worker] c.l.k.s.d.posts.PostsRepositoryTest      : Started PostsRepositoryTest in 0.982 seconds (JVM running for 7.622)
Hibernate: insert into posts (created_date, modified_date, author, content, title) values (?, ?, ?, ?, ?)
Hibernate: select posts0_.id as id1_0_, posts0_.created_date as created_2_0_, posts0_.modified_date as modified3_0_, posts0_.author as author4_0_, posts0_.content as content5_0_, posts0_.title as title6_0_ from posts posts0_
Hibernate: select posts0_.id as id1_0_, posts0_.created_date as created_2_0_, posts0_.modified_date as modified3_0_, posts0_.author as author4_0_, posts0_.content as content5_0_, posts0_.title as title6_0_ from posts posts0_
Hibernate: delete from posts where id=?
Hibernate: insert into posts (created_date, modified_date, author, content, title) values (?, ?, ?, ?, ?)
Hibernate: select posts0_.id as id1_0_, posts0_.created_date as created_2_0_, posts0_.modified_date as modified3_0_, posts0_.author as author4_0_, posts0_.content as content5_0_, posts0_.title as title6_0_ from posts posts0_
>>>>>>>>> createDate=2020-05-15T00:31:18.053, modifiedDate=2020-05-15T00:31:18.053
Hibernate: select posts0_.id as id1_0_, posts0_.created_date as created_2_0_, posts0_.modified_date as modified3_0_, posts0_.author as author4_0_, posts0_.content as content5_0_, posts0_.title as title6_0_ from posts posts0_
Hibernate: delete from posts where id=?
]]></system-out>
  <system-err><![CDATA[]]></system-err>
</testsuite>
